<?xml version="1.0" encoding="UTF-8"?>
<!-- Generated by org.testng.reporters.JUnitXMLReporter -->
<testsuite hostname="VNWM47-IND-LT" ignored="0" name="Test" tests="4" failures="0" timestamp="24 Aug 2019 09:00:38 GMT" time="158.724" errors="0">
  <testcase name="searchingIteamTest" time="28.385" classname="TestCases.OrderingTv"/>
  <testcase name="selectingParticularIteamTest" time="57.625" classname="TestCases.OrderingTv"/>
  <testcase name="selectingIteamAddingToCart" time="28.973" classname="TestCases.OrderingTv"/>
  <testcase name="proceedingToBuyTest" time="19.371" classname="TestCases.OrderingTv"/>
</testsuite> <!-- Test -->
